  [1m[35m (0.2ms)[0m  [1m[35mDROP DATABASE IF EXISTS "rails-1P-associations_development"[0m
  ↳ bin/rails:9
  [1m[35m (0.2ms)[0m  [1m[35mDROP DATABASE IF EXISTS "rails-1P-associations_test"[0m
  ↳ bin/rails:9
  [1m[35m (295.1ms)[0m  [1m[35mCREATE DATABASE "rails-1P-associations_development" ENCODING = 'unicode'[0m
  ↳ bin/rails:9
  [1m[35m (234.8ms)[0m  [1m[35mCREATE DATABASE "rails-1P-associations_test" ENCODING = 'unicode'[0m
  ↳ bin/rails:9
  [1m[35mSQL (0.6ms)[0m  [1m[35mCREATE EXTENSION IF NOT EXISTS "plpgsql"[0m
  ↳ db/schema.rb:16
  [1m[35m (0.7ms)[0m  [1m[35mDROP TABLE IF EXISTS "comments" CASCADE[0m
  ↳ db/schema.rb:18
  [1m[35m (18.5ms)[0m  [1m[35mCREATE TABLE "comments" ("id" bigserial primary key, "body" character varying NOT NULL, "video_id" integer NOT NULL, "parent_comment_id" integer, "created_at" timestamp NOT NULL, "updated_at" timestamp NOT NULL, "commenter_id" integer)[0m
  ↳ db/schema.rb:18
  [1m[35m (6.4ms)[0m  [1m[35mCREATE  INDEX  "index_comments_on_commenter_id" ON "comments"  ("commenter_id")[0m
  ↳ db/schema.rb:18
  [1m[35m (2.6ms)[0m  [1m[35mCREATE  INDEX  "index_comments_on_video_id" ON "comments"  ("video_id")[0m
  ↳ db/schema.rb:18
  [1m[35m (0.5ms)[0m  [1m[35mDROP TABLE IF EXISTS "likes" CASCADE[0m
  ↳ db/schema.rb:29
  [1m[35m (5.2ms)[0m  [1m[35mCREATE TABLE "likes" ("id" bigserial primary key, "liker_id" integer NOT NULL, "video_id" integer NOT NULL, "created_at" timestamp NOT NULL, "updated_at" timestamp NOT NULL)[0m
  ↳ db/schema.rb:29
  [1m[35m (5.7ms)[0m  [1m[35mCREATE  INDEX  "index_likes_on_liker_id" ON "likes"  ("liker_id")[0m
  ↳ db/schema.rb:29
  [1m[35m (5.2ms)[0m  [1m[35mCREATE UNIQUE INDEX  "index_likes_on_video_id_and_liker_id" ON "likes"  ("video_id", "liker_id")[0m
  ↳ db/schema.rb:29
  [1m[35m (0.4ms)[0m  [1m[35mDROP TABLE IF EXISTS "users" CASCADE[0m
  ↳ db/schema.rb:38
  [1m[35m (11.5ms)[0m  [1m[35mCREATE TABLE "users" ("id" bigserial primary key, "username" character varying NOT NULL, "password" character varying NOT NULL, "created_at" timestamp NOT NULL, "updated_at" timestamp NOT NULL)[0m
  ↳ db/schema.rb:38
  [1m[35m (2.7ms)[0m  [1m[35mDROP TABLE IF EXISTS "videos" CASCADE[0m
  ↳ db/schema.rb:45
  [1m[35m (9.1ms)[0m  [1m[35mCREATE TABLE "videos" ("id" bigserial primary key, "title" character varying NOT NULL, "description" text NOT NULL, "uploader_id" integer NOT NULL, "created_at" timestamp NOT NULL, "updated_at" timestamp NOT NULL)[0m
  ↳ db/schema.rb:45
  [1m[35m (6.3ms)[0m  [1m[35mCREATE  INDEX  "index_videos_on_uploader_id" ON "videos"  ("uploader_id")[0m
  ↳ db/schema.rb:45
  [1m[35m (15.3ms)[0m  [1m[35mCREATE TABLE "schema_migrations" ("version" character varying NOT NULL PRIMARY KEY)[0m
  ↳ db/schema.rb:13
  [1m[35m (0.9ms)[0m  [1m[34mSELECT "schema_migrations"."version" FROM "schema_migrations" ORDER BY "schema_migrations"."version" ASC[0m
  ↳ db/schema.rb:13
  [1m[35m (4.0ms)[0m  [1m[32mINSERT INTO "schema_migrations" (version) VALUES (20200125015338)[0m
  ↳ db/schema.rb:13
  [1m[35m (8.5ms)[0m  [1m[35mCREATE TABLE "ar_internal_metadata" ("key" character varying NOT NULL PRIMARY KEY, "value" character varying, "created_at" timestamp NOT NULL, "updated_at" timestamp NOT NULL)[0m
  ↳ db/schema.rb:13
  [1m[36mActiveRecord::InternalMetadata Load (0.7ms)[0m  [1m[34mSELECT  "ar_internal_metadata".* FROM "ar_internal_metadata" WHERE "ar_internal_metadata"."key" = $1 LIMIT $2[0m  [["key", "environment"], ["LIMIT", 1]]
  ↳ db/schema.rb:13
  [1m[35m (0.4ms)[0m  [1m[35mBEGIN[0m
  ↳ db/schema.rb:13
  [1m[36mActiveRecord::InternalMetadata Create (1.1ms)[0m  [1m[32mINSERT INTO "ar_internal_metadata" ("key", "value", "created_at", "updated_at") VALUES ($1, $2, $3, $4) RETURNING "key"[0m  [["key", "environment"], ["value", "development"], ["created_at", "2022-03-07 20:31:45.781739"], ["updated_at", "2022-03-07 20:31:45.781739"]]
  ↳ db/schema.rb:13
  [1m[35m (0.6ms)[0m  [1m[35mCOMMIT[0m
  ↳ db/schema.rb:13
  [1m[36mActiveRecord::InternalMetadata Load (1.0ms)[0m  [1m[34mSELECT  "ar_internal_metadata".* FROM "ar_internal_metadata" WHERE "ar_internal_metadata"."key" = $1 LIMIT $2[0m  [["key", "environment"], ["LIMIT", 1]]
  ↳ bin/rails:9
  [1m[35m (0.4ms)[0m  [1m[35mBEGIN[0m
  ↳ bin/rails:9
  [1m[35m (0.3ms)[0m  [1m[35mCOMMIT[0m
  ↳ bin/rails:9
  [1m[35mSQL (1.1ms)[0m  [1m[35mCREATE EXTENSION IF NOT EXISTS "plpgsql"[0m
  ↳ db/schema.rb:16
  [1m[35m (0.4ms)[0m  [1m[35mDROP TABLE IF EXISTS "comments" CASCADE[0m
  ↳ db/schema.rb:18
  [1m[35m (17.4ms)[0m  [1m[35mCREATE TABLE "comments" ("id" bigserial primary key, "body" character varying NOT NULL, "video_id" integer NOT NULL, "parent_comment_id" integer, "created_at" timestamp NOT NULL, "updated_at" timestamp NOT NULL, "commenter_id" integer)[0m
  ↳ db/schema.rb:18
  [1m[35m (14.4ms)[0m  [1m[35mCREATE  INDEX  "index_comments_on_commenter_id" ON "comments"  ("commenter_id")[0m
  ↳ db/schema.rb:18
  [1m[35m (6.6ms)[0m  [1m[35mCREATE  INDEX  "index_comments_on_video_id" ON "comments"  ("video_id")[0m
  ↳ db/schema.rb:18
  [1m[35m (0.3ms)[0m  [1m[35mDROP TABLE IF EXISTS "likes" CASCADE[0m
  ↳ db/schema.rb:29
  [1m[35m (6.8ms)[0m  [1m[35mCREATE TABLE "likes" ("id" bigserial primary key, "liker_id" integer NOT NULL, "video_id" integer NOT NULL, "created_at" timestamp NOT NULL, "updated_at" timestamp NOT NULL)[0m
  ↳ db/schema.rb:29
  [1m[35m (2.6ms)[0m  [1m[35mCREATE  INDEX  "index_likes_on_liker_id" ON "likes"  ("liker_id")[0m
  ↳ db/schema.rb:29
  [1m[35m (2.7ms)[0m  [1m[35mCREATE UNIQUE INDEX  "index_likes_on_video_id_and_liker_id" ON "likes"  ("video_id", "liker_id")[0m
  ↳ db/schema.rb:29
  [1m[35m (2.8ms)[0m  [1m[35mDROP TABLE IF EXISTS "users" CASCADE[0m
  ↳ db/schema.rb:38
  [1m[35m (7.9ms)[0m  [1m[35mCREATE TABLE "users" ("id" bigserial primary key, "username" character varying NOT NULL, "password" character varying NOT NULL, "created_at" timestamp NOT NULL, "updated_at" timestamp NOT NULL)[0m
  ↳ db/schema.rb:38
  [1m[35m (1.0ms)[0m  [1m[35mDROP TABLE IF EXISTS "videos" CASCADE[0m
  ↳ db/schema.rb:45
  [1m[35m (11.2ms)[0m  [1m[35mCREATE TABLE "videos" ("id" bigserial primary key, "title" character varying NOT NULL, "description" text NOT NULL, "uploader_id" integer NOT NULL, "created_at" timestamp NOT NULL, "updated_at" timestamp NOT NULL)[0m
  ↳ db/schema.rb:45
  [1m[35m (3.9ms)[0m  [1m[35mCREATE  INDEX  "index_videos_on_uploader_id" ON "videos"  ("uploader_id")[0m
  ↳ db/schema.rb:45
  [1m[35m (10.7ms)[0m  [1m[35mCREATE TABLE "schema_migrations" ("version" character varying NOT NULL PRIMARY KEY)[0m
  ↳ db/schema.rb:13
  [1m[35m (1.2ms)[0m  [1m[34mSELECT "schema_migrations"."version" FROM "schema_migrations" ORDER BY "schema_migrations"."version" ASC[0m
  ↳ db/schema.rb:13
  [1m[35m (2.2ms)[0m  [1m[32mINSERT INTO "schema_migrations" (version) VALUES (20200125015338)[0m
  ↳ db/schema.rb:13
  [1m[35m (7.3ms)[0m  [1m[35mCREATE TABLE "ar_internal_metadata" ("key" character varying NOT NULL PRIMARY KEY, "value" character varying, "created_at" timestamp NOT NULL, "updated_at" timestamp NOT NULL)[0m
  ↳ db/schema.rb:13
  [1m[36mActiveRecord::InternalMetadata Load (0.8ms)[0m  [1m[34mSELECT  "ar_internal_metadata".* FROM "ar_internal_metadata" WHERE "ar_internal_metadata"."key" = $1 LIMIT $2[0m  [["key", "environment"], ["LIMIT", 1]]
  ↳ db/schema.rb:13
  [1m[35m (0.7ms)[0m  [1m[35mBEGIN[0m
  ↳ db/schema.rb:13
  [1m[36mActiveRecord::InternalMetadata Create (1.1ms)[0m  [1m[32mINSERT INTO "ar_internal_metadata" ("key", "value", "created_at", "updated_at") VALUES ($1, $2, $3, $4) RETURNING "key"[0m  [["key", "environment"], ["value", "development"], ["created_at", "2022-03-07 20:31:46.047206"], ["updated_at", "2022-03-07 20:31:46.047206"]]
  ↳ db/schema.rb:13
  [1m[35m (2.8ms)[0m  [1m[35mCOMMIT[0m
  ↳ db/schema.rb:13
  [1m[36mActiveRecord::InternalMetadata Load (0.4ms)[0m  [1m[34mSELECT  "ar_internal_metadata".* FROM "ar_internal_metadata" WHERE "ar_internal_metadata"."key" = $1 LIMIT $2[0m  [["key", "environment"], ["LIMIT", 1]]
  ↳ bin/rails:9
  [1m[35m (0.4ms)[0m  [1m[35mBEGIN[0m
  ↳ bin/rails:9
  [1m[36mActiveRecord::InternalMetadata Update (1.0ms)[0m  [1m[33mUPDATE "ar_internal_metadata" SET "value" = $1, "updated_at" = $2 WHERE "ar_internal_metadata"."key" = $3[0m  [["value", "test"], ["updated_at", "2022-03-07 20:31:46.059477"], ["key", "environment"]]
  ↳ bin/rails:9
  [1m[35m (1.2ms)[0m  [1m[35mCOMMIT[0m
  ↳ bin/rails:9
  [1m[35m (1.7ms)[0m  [1m[34mSELECT "schema_migrations"."version" FROM "schema_migrations" ORDER BY "schema_migrations"."version" ASC[0m
  ↳ bin/rails:9
  [1m[35m (0.4ms)[0m  [1m[35mBEGIN[0m
  ↳ db/seeds.rb:13
  [1m[36mUser Destroy (1.1ms)[0m  [1m[31mDELETE FROM "users"[0m
  ↳ db/seeds.rb:14
  [1m[36mVideo Destroy (1.4ms)[0m  [1m[31mDELETE FROM "videos"[0m
  ↳ db/seeds.rb:15
  [1m[36mComment Destroy (1.1ms)[0m  [1m[31mDELETE FROM "comments"[0m
  ↳ db/seeds.rb:16
  [1m[36mLike Destroy (1.1ms)[0m  [1m[31mDELETE FROM "likes"[0m
  ↳ db/seeds.rb:17
  [1m[36mUser Create (1.1ms)[0m  [1m[32mINSERT INTO "users" ("id", "username", "password", "created_at", "updated_at") VALUES ($1, $2, $3, $4, $5) RETURNING "id"[0m  [["id", 96394], ["username", "cousin_gerald"], ["password", "hesadoctor"], ["created_at", "2022-03-07 20:31:46.160961"], ["updated_at", "2022-03-07 20:31:46.160961"]]
  ↳ db/seeds.rb:19
  [1m[36mUser Create (10.9ms)[0m  [1m[32mINSERT INTO "users" ("id", "username", "password", "created_at", "updated_at") VALUES ($1, $2, $3, $4, $5) RETURNING "id"[0m  [["id", 7652], ["username", "gillian"], ["password", "ballberie"], ["created_at", "2022-03-07 20:31:46.164527"], ["updated_at", "2022-03-07 20:31:46.164527"]]
  ↳ db/seeds.rb:25
  [1m[36mVideo Create (1.0ms)[0m  [1m[32mINSERT INTO "videos" ("id", "title", "description", "uploader_id", "created_at", "updated_at") VALUES ($1, $2, $3, $4, $5, $6) RETURNING "id"[0m  [["id", 61263], ["title", "The Less I Know the Better"], ["description", "Music by Australian band Tame Impala"], ["uploader_id", 96394], ["created_at", "2022-03-07 20:31:46.196364"], ["updated_at", "2022-03-07 20:31:46.196364"]]
  ↳ db/seeds.rb:31
  [1m[36mVideo Create (0.5ms)[0m  [1m[32mINSERT INTO "videos" ("id", "title", "description", "uploader_id", "created_at", "updated_at") VALUES ($1, $2, $3, $4, $5, $6) RETURNING "id"[0m  [["id", 56282], ["title", "Ball of Pizza"], ["description", "Eric brings pizza to the dojo"], ["uploader_id", 7652], ["created_at", "2022-03-07 20:31:46.199597"], ["updated_at", "2022-03-07 20:31:46.199597"]]
  ↳ db/seeds.rb:38
  [1m[36mComment Create (1.2ms)[0m  [1m[32mINSERT INTO "comments" ("id", "body", "video_id", "created_at", "updated_at", "commenter_id") VALUES ($1, $2, $3, $4, $5, $6) RETURNING "id"[0m  [["id", 20798], ["body", "first"], ["video_id", 61263], ["created_at", "2022-03-07 20:31:46.223624"], ["updated_at", "2022-03-07 20:31:46.223624"], ["commenter_id", 7652]]
  ↳ db/seeds.rb:45
  [1m[36mComment Create (0.8ms)[0m  [1m[32mINSERT INTO "comments" ("id", "body", "video_id", "parent_comment_id", "created_at", "updated_at", "commenter_id") VALUES ($1, $2, $3, $4, $5, $6, $7) RETURNING "id"[0m  [["id", 61161], ["body", "second"], ["video_id", 61263], ["parent_comment_id", 20798], ["created_at", "2022-03-07 20:31:46.227429"], ["updated_at", "2022-03-07 20:31:46.227429"], ["commenter_id", 96394]]
  ↳ db/seeds.rb:52
  [1m[36mLike Create (1.3ms)[0m  [1m[32mINSERT INTO "likes" ("id", "liker_id", "video_id", "created_at", "updated_at") VALUES ($1, $2, $3, $4, $5) RETURNING "id"[0m  [["id", 93357], ["liker_id", 7652], ["video_id", 61263], ["created_at", "2022-03-07 20:31:46.247884"], ["updated_at", "2022-03-07 20:31:46.247884"]]
  ↳ db/seeds.rb:60
  [1m[36mLike Create (0.5ms)[0m  [1m[32mINSERT INTO "likes" ("id", "liker_id", "video_id", "created_at", "updated_at") VALUES ($1, $2, $3, $4, $5) RETURNING "id"[0m  [["id", 39370], ["liker_id", 96394], ["video_id", 56282], ["created_at", "2022-03-07 20:31:46.251755"], ["updated_at", "2022-03-07 20:31:46.251755"]]
  ↳ db/seeds.rb:61
  [1m[35m (2.9ms)[0m  [1m[35mCOMMIT[0m
  ↳ db/seeds.rb:13
  [1m[35m (0.7ms)[0m  [1m[34mSELECT "schema_migrations"."version" FROM "schema_migrations" ORDER BY "schema_migrations"."version" ASC[0m
  ↳ bin/rails:9
  [1m[35m (0.8ms)[0m  [1m[34mSELECT "ar_internal_metadata"."value" FROM "ar_internal_metadata" WHERE "ar_internal_metadata"."key" = $1[0m  [["key", "environment"]]
  ↳ bin/rails:9
  [1m[35m (0.2ms)[0m  [1m[34mSELECT "schema_migrations"."version" FROM "schema_migrations" ORDER BY "schema_migrations"."version" ASC[0m
  ↳ bin/rails:9
  [1m[35m (0.5ms)[0m  [1m[34mSELECT "ar_internal_metadata"."value" FROM "ar_internal_metadata" WHERE "ar_internal_metadata"."key" = $1[0m  [["key", "environment"]]
  ↳ bin/rails:9
  [1m[35m (0.3ms)[0m  [1m[34mSELECT "schema_migrations"."version" FROM "schema_migrations" ORDER BY "schema_migrations"."version" ASC[0m
  ↳ bin/rails:9
  [1m[35m (0.2ms)[0m  [1m[34mSELECT "ar_internal_metadata"."value" FROM "ar_internal_metadata" WHERE "ar_internal_metadata"."key" = $1[0m  [["key", "environment"]]
  ↳ bin/rails:9
  [1m[35mSQL (0.6ms)[0m  [1m[35mCREATE EXTENSION IF NOT EXISTS "plpgsql"[0m
  ↳ db/schema.rb:16
  [1m[35m (7.2ms)[0m  [1m[35mDROP TABLE IF EXISTS "comments" CASCADE[0m
  ↳ db/schema.rb:18
  [1m[35m (10.7ms)[0m  [1m[35mCREATE TABLE "comments" ("id" bigserial primary key, "body" character varying NOT NULL, "video_id" integer NOT NULL, "parent_comment_id" integer, "created_at" timestamp NOT NULL, "updated_at" timestamp NOT NULL, "commenter_id" integer)[0m
  ↳ db/schema.rb:18
  [1m[35m (4.4ms)[0m  [1m[35mCREATE  INDEX  "index_comments_on_commenter_id" ON "comments"  ("commenter_id")[0m
  ↳ db/schema.rb:18
  [1m[35m (2.6ms)[0m  [1m[35mCREATE  INDEX  "index_comments_on_video_id" ON "comments"  ("video_id")[0m
  ↳ db/schema.rb:18
  [1m[35m (5.2ms)[0m  [1m[35mDROP TABLE IF EXISTS "likes" CASCADE[0m
  ↳ db/schema.rb:29
  [1m[35m (6.4ms)[0m  [1m[35mCREATE TABLE "likes" ("id" bigserial primary key, "liker_id" integer NOT NULL, "video_id" integer NOT NULL, "created_at" timestamp NOT NULL, "updated_at" timestamp NOT NULL)[0m
  ↳ db/schema.rb:29
  [1m[35m (4.5ms)[0m  [1m[35mCREATE  INDEX  "index_likes_on_liker_id" ON "likes"  ("liker_id")[0m
  ↳ db/schema.rb:29
  [1m[35m (5.8ms)[0m  [1m[35mCREATE UNIQUE INDEX  "index_likes_on_video_id_and_liker_id" ON "likes"  ("video_id", "liker_id")[0m
  ↳ db/schema.rb:29
  [1m[35m (6.0ms)[0m  [1m[35mDROP TABLE IF EXISTS "users" CASCADE[0m
  ↳ db/schema.rb:38
  [1m[35m (10.8ms)[0m  [1m[35mCREATE TABLE "users" ("id" bigserial primary key, "username" character varying NOT NULL, "password" character varying NOT NULL, "created_at" timestamp NOT NULL, "updated_at" timestamp NOT NULL)[0m
  ↳ db/schema.rb:38
  [1m[35m (4.4ms)[0m  [1m[35mDROP TABLE IF EXISTS "videos" CASCADE[0m
  ↳ db/schema.rb:45
  [1m[35m (11.5ms)[0m  [1m[35mCREATE TABLE "videos" ("id" bigserial primary key, "title" character varying NOT NULL, "description" text NOT NULL, "uploader_id" integer NOT NULL, "created_at" timestamp NOT NULL, "updated_at" timestamp NOT NULL)[0m
  ↳ db/schema.rb:45
  [1m[35m (4.9ms)[0m  [1m[35mCREATE  INDEX  "index_videos_on_uploader_id" ON "videos"  ("uploader_id")[0m
  ↳ db/schema.rb:45
  [1m[35m (1.9ms)[0m  [1m[34mSELECT "schema_migrations"."version" FROM "schema_migrations" ORDER BY "schema_migrations"."version" ASC[0m
  ↳ db/schema.rb:13
  [1m[36mActiveRecord::InternalMetadata Load (0.7ms)[0m  [1m[34mSELECT  "ar_internal_metadata".* FROM "ar_internal_metadata" WHERE "ar_internal_metadata"."key" = $1 LIMIT $2[0m  [["key", "environment"], ["LIMIT", 1]]
  ↳ db/schema.rb:13
  [1m[35m (0.4ms)[0m  [1m[35mBEGIN[0m
  ↳ db/schema.rb:13
  [1m[35m (0.4ms)[0m  [1m[35mCOMMIT[0m
  ↳ db/schema.rb:13
  [1m[36mActiveRecord::InternalMetadata Load (0.8ms)[0m  [1m[34mSELECT  "ar_internal_metadata".* FROM "ar_internal_metadata" WHERE "ar_internal_metadata"."key" = $1 LIMIT $2[0m  [["key", "environment"], ["LIMIT", 1]]
  ↳ bin/rails:9
  [1m[35m (0.5ms)[0m  [1m[35mBEGIN[0m
  ↳ bin/rails:9
  [1m[35m (0.4ms)[0m  [1m[35mCOMMIT[0m
  ↳ bin/rails:9
  [1m[35mSQL (0.7ms)[0m  [1m[35mCREATE EXTENSION IF NOT EXISTS "plpgsql"[0m
  ↳ db/schema.rb:16
  [1m[35m (8.8ms)[0m  [1m[35mDROP TABLE IF EXISTS "comments" CASCADE[0m
  ↳ db/schema.rb:18
  [1m[35m (24.6ms)[0m  [1m[35mCREATE TABLE "comments" ("id" bigserial primary key, "body" character varying NOT NULL, "video_id" integer NOT NULL, "parent_comment_id" integer, "created_at" timestamp NOT NULL, "updated_at" timestamp NOT NULL, "commenter_id" integer)[0m
  ↳ db/schema.rb:18
  [1m[35m (3.4ms)[0m  [1m[35mCREATE  INDEX  "index_comments_on_commenter_id" ON "comments"  ("commenter_id")[0m
  ↳ db/schema.rb:18
  [1m[35m (2.9ms)[0m  [1m[35mCREATE  INDEX  "index_comments_on_video_id" ON "comments"  ("video_id")[0m
  ↳ db/schema.rb:18
  [1m[35m (14.6ms)[0m  [1m[35mDROP TABLE IF EXISTS "likes" CASCADE[0m
  ↳ db/schema.rb:29
  [1m[35m (7.3ms)[0m  [1m[35mCREATE TABLE "likes" ("id" bigserial primary key, "liker_id" integer NOT NULL, "video_id" integer NOT NULL, "created_at" timestamp NOT NULL, "updated_at" timestamp NOT NULL)[0m
  ↳ db/schema.rb:29
  [1m[35m (3.7ms)[0m  [1m[35mCREATE  INDEX  "index_likes_on_liker_id" ON "likes"  ("liker_id")[0m
  ↳ db/schema.rb:29
  [1m[35m (3.0ms)[0m  [1m[35mCREATE UNIQUE INDEX  "index_likes_on_video_id_and_liker_id" ON "likes"  ("video_id", "liker_id")[0m
  ↳ db/schema.rb:29
  [1m[35m (12.9ms)[0m  [1m[35mDROP TABLE IF EXISTS "users" CASCADE[0m
  ↳ db/schema.rb:38
  [1m[35m (11.1ms)[0m  [1m[35mCREATE TABLE "users" ("id" bigserial primary key, "username" character varying NOT NULL, "password" character varying NOT NULL, "created_at" timestamp NOT NULL, "updated_at" timestamp NOT NULL)[0m
  ↳ db/schema.rb:38
  [1m[35m (4.4ms)[0m  [1m[35mDROP TABLE IF EXISTS "videos" CASCADE[0m
  ↳ db/schema.rb:45
  [1m[35m (10.7ms)[0m  [1m[35mCREATE TABLE "videos" ("id" bigserial primary key, "title" character varying NOT NULL, "description" text NOT NULL, "uploader_id" integer NOT NULL, "created_at" timestamp NOT NULL, "updated_at" timestamp NOT NULL)[0m
  ↳ db/schema.rb:45
  [1m[35m (5.8ms)[0m  [1m[35mCREATE  INDEX  "index_videos_on_uploader_id" ON "videos"  ("uploader_id")[0m
  ↳ db/schema.rb:45
  [1m[35m (1.4ms)[0m  [1m[34mSELECT "schema_migrations"."version" FROM "schema_migrations" ORDER BY "schema_migrations"."version" ASC[0m
  ↳ db/schema.rb:13
  [1m[36mActiveRecord::InternalMetadata Load (1.1ms)[0m  [1m[34mSELECT  "ar_internal_metadata".* FROM "ar_internal_metadata" WHERE "ar_internal_metadata"."key" = $1 LIMIT $2[0m  [["key", "environment"], ["LIMIT", 1]]
  ↳ db/schema.rb:13
  [1m[35m (0.2ms)[0m  [1m[35mBEGIN[0m
  ↳ db/schema.rb:13
  [1m[36mActiveRecord::InternalMetadata Update (0.7ms)[0m  [1m[33mUPDATE "ar_internal_metadata" SET "value" = $1, "updated_at" = $2 WHERE "ar_internal_metadata"."key" = $3[0m  [["value", "development"], ["updated_at", "2022-03-07 20:31:51.494676"], ["key", "environment"]]
  ↳ db/schema.rb:13
  [1m[35m (1.0ms)[0m  [1m[35mCOMMIT[0m
  ↳ db/schema.rb:13
  [1m[36mActiveRecord::InternalMetadata Load (0.8ms)[0m  [1m[34mSELECT  "ar_internal_metadata".* FROM "ar_internal_metadata" WHERE "ar_internal_metadata"."key" = $1 LIMIT $2[0m  [["key", "environment"], ["LIMIT", 1]]
  ↳ bin/rails:9
  [1m[35m (0.4ms)[0m  [1m[35mBEGIN[0m
  ↳ bin/rails:9
  [1m[36mActiveRecord::InternalMetadata Update (0.9ms)[0m  [1m[33mUPDATE "ar_internal_metadata" SET "value" = $1, "updated_at" = $2 WHERE "ar_internal_metadata"."key" = $3[0m  [["value", "test"], ["updated_at", "2022-03-07 20:31:51.507696"], ["key", "environment"]]
  ↳ bin/rails:9
  [1m[35m (2.7ms)[0m  [1m[35mCOMMIT[0m
  ↳ bin/rails:9
  [1m[35m (0.7ms)[0m  [1m[34mSELECT "schema_migrations"."version" FROM "schema_migrations" ORDER BY "schema_migrations"."version" ASC[0m
  ↳ bin/rails:9
  [1m[35m (0.3ms)[0m  [1m[35mBEGIN[0m
  ↳ db/seeds.rb:13
  [1m[36mUser Destroy (0.9ms)[0m  [1m[31mDELETE FROM "users"[0m
  ↳ db/seeds.rb:14
  [1m[36mVideo Destroy (0.7ms)[0m  [1m[31mDELETE FROM "videos"[0m
  ↳ db/seeds.rb:15
  [1m[36mComment Destroy (0.7ms)[0m  [1m[31mDELETE FROM "comments"[0m
  ↳ db/seeds.rb:16
  [1m[36mLike Destroy (1.2ms)[0m  [1m[31mDELETE FROM "likes"[0m
  ↳ db/seeds.rb:17
  [1m[36mUser Create (0.8ms)[0m  [1m[32mINSERT INTO "users" ("id", "username", "password", "created_at", "updated_at") VALUES ($1, $2, $3, $4, $5) RETURNING "id"[0m  [["id", 73237], ["username", "cousin_gerald"], ["password", "hesadoctor"], ["created_at", "2022-03-07 20:31:57.252544"], ["updated_at", "2022-03-07 20:31:57.252544"]]
  ↳ db/seeds.rb:19
  [1m[36mUser Create (0.3ms)[0m  [1m[32mINSERT INTO "users" ("id", "username", "password", "created_at", "updated_at") VALUES ($1, $2, $3, $4, $5) RETURNING "id"[0m  [["id", 64638], ["username", "gillian"], ["password", "ballberie"], ["created_at", "2022-03-07 20:31:57.255202"], ["updated_at", "2022-03-07 20:31:57.255202"]]
  ↳ db/seeds.rb:25
  [1m[36mVideo Create (3.5ms)[0m  [1m[32mINSERT INTO "videos" ("id", "title", "description", "uploader_id", "created_at", "updated_at") VALUES ($1, $2, $3, $4, $5, $6) RETURNING "id"[0m  [["id", 67139], ["title", "The Less I Know the Better"], ["description", "Music by Australian band Tame Impala"], ["uploader_id", 73237], ["created_at", "2022-03-07 20:31:57.274316"], ["updated_at", "2022-03-07 20:31:57.274316"]]
  ↳ db/seeds.rb:31
  [1m[36mVideo Create (0.4ms)[0m  [1m[32mINSERT INTO "videos" ("id", "title", "description", "uploader_id", "created_at", "updated_at") VALUES ($1, $2, $3, $4, $5, $6) RETURNING "id"[0m  [["id", 11302], ["title", "Ball of Pizza"], ["description", "Eric brings pizza to the dojo"], ["uploader_id", 64638], ["created_at", "2022-03-07 20:31:57.279456"], ["updated_at", "2022-03-07 20:31:57.279456"]]
  ↳ db/seeds.rb:38
  [1m[36mComment Create (23.4ms)[0m  [1m[32mINSERT INTO "comments" ("id", "body", "video_id", "created_at", "updated_at", "commenter_id") VALUES ($1, $2, $3, $4, $5, $6) RETURNING "id"[0m  [["id", 67942], ["body", "first"], ["video_id", 67139], ["created_at", "2022-03-07 20:31:57.297852"], ["updated_at", "2022-03-07 20:31:57.297852"], ["commenter_id", 64638]]
  ↳ db/seeds.rb:45
  [1m[36mComment Create (0.4ms)[0m  [1m[32mINSERT INTO "comments" ("id", "body", "video_id", "parent_comment_id", "created_at", "updated_at", "commenter_id") VALUES ($1, $2, $3, $4, $5, $6, $7) RETURNING "id"[0m  [["id", 58196], ["body", "second"], ["video_id", 67139], ["parent_comment_id", 67942], ["created_at", "2022-03-07 20:31:57.323169"], ["updated_at", "2022-03-07 20:31:57.323169"], ["commenter_id", 73237]]
  ↳ db/seeds.rb:52
  [1m[36mLike Create (0.8ms)[0m  [1m[32mINSERT INTO "likes" ("id", "liker_id", "video_id", "created_at", "updated_at") VALUES ($1, $2, $3, $4, $5) RETURNING "id"[0m  [["id", 27734], ["liker_id", 64638], ["video_id", 67139], ["created_at", "2022-03-07 20:31:57.351258"], ["updated_at", "2022-03-07 20:31:57.351258"]]
  ↳ db/seeds.rb:60
  [1m[36mLike Create (0.5ms)[0m  [1m[32mINSERT INTO "likes" ("id", "liker_id", "video_id", "created_at", "updated_at") VALUES ($1, $2, $3, $4, $5) RETURNING "id"[0m  [["id", 73184], ["liker_id", 73237], ["video_id", 11302], ["created_at", "2022-03-07 20:31:57.353528"], ["updated_at", "2022-03-07 20:31:57.353528"]]
  ↳ db/seeds.rb:61
  [1m[35m (0.7ms)[0m  [1m[35mCOMMIT[0m
  ↳ db/seeds.rb:13
